1962 [main] INFO  c.e.p.Practise19Application
                ? Starting Practise19Application using Java 19.0.1 with PID 16848 (C:\Users\User\IdeaProjects\???????\practise\src\practise_19\build\classes\java\main started by User in C:\Users\User\IdeaProjects\???????)
1966 [main] INFO  c.e.p.Practise19Application
                ? No active profile set, falling back to 1 default profile: "default"
3943 [main] INFO  o.s.d.r.c.RepositoryConfigurationDelegate
                ? Bootstrapping Spring Data JPA repositories in DEFAULT mode.
4046 [main] INFO  o.s.d.r.c.RepositoryConfigurationDelegate
                ? Finished Spring Data repository scanning in 90 ms. Found 2 JPA repository interfaces.
5717 [main] INFO  o.s.b.w.e.tomcat.TomcatWebServer
                ? Tomcat initialized with port 8080 (http)
5734 [main] INFO  o.a.coyote.http11.Http11NioProtocol
                ? Initializing ProtocolHandler ["http-nio-8080"]
5742 [main] INFO  o.a.catalina.core.StandardService
                ? Starting service [Tomcat]
5743 [main] INFO  o.a.catalina.core.StandardEngine
                ? Starting Servlet engine: [Apache Tomcat/10.1.19]
5888 [main] INFO  o.a.c.c.C.[Tomcat].[localhost].[/]
                ? Initializing Spring embedded WebApplicationContext
5888 [main] INFO  o.s.b.w.s.c.ServletWebServerApplicationContext
                ? Root WebApplicationContext: initialization completed in 3795 ms
6495 [main] INFO  o.h.jpa.internal.util.LogHelper
                ? HHH000204: Processing PersistenceUnitInfo [name: default]
6632 [main] INFO  org.hibernate.Version
                ? HHH000412: Hibernate ORM core version 6.4.4.Final
6683 [main] INFO  o.h.c.i.RegionFactoryInitiator
                ? HHH000026: Second-level cache disabled
7210 [main] INFO  o.s.o.j.p.SpringPersistenceUnitInfo
                ? No LoadTimeWeaver setup: ignoring JPA class transformer
7258 [main] INFO  com.zaxxer.hikari.HikariDataSource
                ? HikariPool-1 - Starting...
8427 [main] WARN  o.h.e.j.e.i.JdbcEnvironmentInitiator
                ? HHH000342: Could not obtain connection to query metadata
java.lang.NullPointerException: Cannot invoke "org.hibernate.engine.jdbc.spi.SqlExceptionHelper.convert(java.sql.SQLException, String)" because the return value of "org.hibernate.resource.transaction.backend.jdbc.internal.JdbcIsolationDelegate.sqlExceptionHelper()" is null
	at org.hibernate.resource.transaction.backend.jdbc.internal.JdbcIsolationDelegate.delegateWork(JdbcIsolationDelegate.java:116)
	at org.hibernate.engine.jdbc.env.internal.JdbcEnvironmentInitiator.getJdbcEnvironmentUsingJdbcMetadata(JdbcEnvironmentInitiator.java:276)
	at org.hibernate.engine.jdbc.env.internal.JdbcEnvironmentInitiator.initiateService(JdbcEnvironmentInitiator.java:107)
	at org.hibernate.engine.jdbc.env.internal.JdbcEnvironmentInitiator.initiateService(JdbcEnvironmentInitiator.java:68)
	at org.hibernate.boot.registry.internal.StandardServiceRegistryImpl.initiateService(StandardServiceRegistryImpl.java:130)
	at org.hibernate.service.internal.AbstractServiceRegistryImpl.createService(AbstractServiceRegistryImpl.java:263)
	at org.hibernate.service.internal.AbstractServiceRegistryImpl.initializeService(AbstractServiceRegistryImpl.java:238)
	at org.hibernate.service.internal.AbstractServiceRegistryImpl.getService(AbstractServiceRegistryImpl.java:215)
	at org.hibernate.boot.model.relational.Database.<init>(Database.java:45)
	at org.hibernate.boot.internal.InFlightMetadataCollectorImpl.getDatabase(InFlightMetadataCollectorImpl.java:223)
	at org.hibernate.boot.internal.InFlightMetadataCollectorImpl.<init>(InFlightMetadataCollectorImpl.java:191)
	at org.hibernate.boot.model.process.spi.MetadataBuildingProcess.complete(MetadataBuildingProcess.java:170)
	at org.hibernate.jpa.boot.internal.EntityManagerFactoryBuilderImpl.metadata(EntityManagerFactoryBuilderImpl.java:1432)
	at org.hibernate.jpa.boot.internal.EntityManagerFactoryBuilderImpl.build(EntityManagerFactoryBuilderImpl.java:1503)
	at org.springframework.orm.jpa.vendor.SpringHibernateJpaPersistenceProvider.createContainerEntityManagerFactory(SpringHibernateJpaPersistenceProvider.java:75)
	at org.springframework.orm.jpa.LocalContainerEntityManagerFactoryBean.createNativeEntityManagerFactory(LocalContainerEntityManagerFactoryBean.java:390)
	at org.springframework.orm.jpa.AbstractEntityManagerFactoryBean.buildNativeEntityManagerFactory(AbstractEntityManagerFactoryBean.java:409)
	at org.springframework.orm.jpa.AbstractEntityManagerFactoryBean.afterPropertiesSet(AbstractEntityManagerFactoryBean.java:396)
	at org.springframework.orm.jpa.LocalContainerEntityManagerFactoryBean.afterPropertiesSet(LocalContainerEntityManagerFactoryBean.java:366)
	at org.springframework.beans.factory.support.AbstractAutowireCapableBeanFactory.invokeInitMethods(AbstractAutowireCapableBeanFactory.java:1833)
	at org.springframework.beans.factory.support.AbstractAutowireCapableBeanFactory.initializeBean(AbstractAutowireCapableBeanFactory.java:1782)
	at org.springframework.beans.factory.support.AbstractAutowireCapableBeanFactory.doCreateBean(AbstractAutowireCapableBeanFactory.java:600)
	at org.springframework.beans.factory.support.AbstractAutowireCapableBeanFactory.createBean(AbstractAutowireCapableBeanFactory.java:522)
	at org.springframework.beans.factory.support.AbstractBeanFactory.lambda$doGetBean$0(AbstractBeanFactory.java:326)
	at org.springframework.beans.factory.support.DefaultSingletonBeanRegistry.getSingleton(DefaultSingletonBeanRegistry.java:234)
	at org.springframework.beans.factory.support.AbstractBeanFactory.doGetBean(AbstractBeanFactory.java:324)
	at org.springframework.beans.factory.support.AbstractBeanFactory.getBean(AbstractBeanFactory.java:200)
	at org.springframework.context.support.AbstractApplicationContext.getBean(AbstractApplicationContext.java:1234)
	at org.springframework.context.support.AbstractApplicationContext.finishBeanFactoryInitialization(AbstractApplicationContext.java:952)
	at org.springframework.context.support.AbstractApplicationContext.refresh(AbstractApplicationContext.java:624)
	at org.springframework.boot.web.servlet.context.ServletWebServerApplicationContext.refresh(ServletWebServerApplicationContext.java:146)
	at org.springframework.boot.SpringApplication.refresh(SpringApplication.java:754)
	at org.springframework.boot.SpringApplication.refreshContext(SpringApplication.java:456)
	at org.springframework.boot.SpringApplication.run(SpringApplication.java:334)
	at org.springframework.boot.SpringApplication.run(SpringApplication.java:1354)
	at org.springframework.boot.SpringApplication.run(SpringApplication.java:1343)
	at com.example.practise_19.Practise19Application.main(Practise19Application.java:10)
8432 [main] ERROR o.s.o.j.LocalContainerEntityManagerFactoryBean
                ? Failed to initialize JPA EntityManagerFactory: Unable to create requested service [org.hibernate.engine.jdbc.env.spi.JdbcEnvironment] due to: Unable to determine Dialect without JDBC metadata (please set 'jakarta.persistence.jdbc.url' for common cases or 'hibernate.dialect' when a custom Dialect implementation must be provided)
8434 [main] WARN  o.s.b.w.s.c.AnnotationConfigServletWebServerApplicationContext
                ? Exception encountered during context initialization - cancelling refresh attempt: org.springframework.beans.factory.BeanCreationException: Error creating bean with name 'entityManagerFactory' defined in class path resource [org/springframework/boot/autoconfigure/orm/jpa/HibernateJpaConfiguration.class]: Unable to create requested service [org.hibernate.engine.jdbc.env.spi.JdbcEnvironment] due to: Unable to determine Dialect without JDBC metadata (please set 'jakarta.persistence.jdbc.url' for common cases or 'hibernate.dialect' when a custom Dialect implementation must be provided)
8452 [main] INFO  o.a.catalina.core.StandardService
                ? Stopping service [Tomcat]
8477 [main] INFO  o.s.b.a.l.ConditionEvaluationReportLogger
                ? 

Error starting ApplicationContext. To display the condition evaluation report re-run your application with 'debug' enabled.
8510 [main] ERROR o.s.boot.SpringApplication
                ? Application run failed
org.springframework.beans.factory.BeanCreationException: Error creating bean with name 'entityManagerFactory' defined in class path resource [org/springframework/boot/autoconfigure/orm/jpa/HibernateJpaConfiguration.class]: Unable to create requested service [org.hibernate.engine.jdbc.env.spi.JdbcEnvironment] due to: Unable to determine Dialect without JDBC metadata (please set 'jakarta.persistence.jdbc.url' for common cases or 'hibernate.dialect' when a custom Dialect implementation must be provided)
	at org.springframework.beans.factory.support.AbstractAutowireCapableBeanFactory.initializeBean(AbstractAutowireCapableBeanFactory.java:1786)
	at org.springframework.beans.factory.support.AbstractAutowireCapableBeanFactory.doCreateBean(AbstractAutowireCapableBeanFactory.java:600)
	at org.springframework.beans.factory.support.AbstractAutowireCapableBeanFactory.createBean(AbstractAutowireCapableBeanFactory.java:522)
	at org.springframework.beans.factory.support.AbstractBeanFactory.lambda$doGetBean$0(AbstractBeanFactory.java:326)
	at org.springframework.beans.factory.support.DefaultSingletonBeanRegistry.getSingleton(DefaultSingletonBeanRegistry.java:234)
	at org.springframework.beans.factory.support.AbstractBeanFactory.doGetBean(AbstractBeanFactory.java:324)
	at org.springframework.beans.factory.support.AbstractBeanFactory.getBean(AbstractBeanFactory.java:200)
	at org.springframework.context.support.AbstractApplicationContext.getBean(AbstractApplicationContext.java:1234)
	at org.springframework.context.support.AbstractApplicationContext.finishBeanFactoryInitialization(AbstractApplicationContext.java:952)
	at org.springframework.context.support.AbstractApplicationContext.refresh(AbstractApplicationContext.java:624)
	at org.springframework.boot.web.servlet.context.ServletWebServerApplicationContext.refresh(ServletWebServerApplicationContext.java:146)
	at org.springframework.boot.SpringApplication.refresh(SpringApplication.java:754)
	at org.springframework.boot.SpringApplication.refreshContext(SpringApplication.java:456)
	at org.springframework.boot.SpringApplication.run(SpringApplication.java:334)
	at org.springframework.boot.SpringApplication.run(SpringApplication.java:1354)
	at org.springframework.boot.SpringApplication.run(SpringApplication.java:1343)
	at com.example.practise_19.Practise19Application.main(Practise19Application.java:10)
Caused by: org.hibernate.service.spi.ServiceException: Unable to create requested service [org.hibernate.engine.jdbc.env.spi.JdbcEnvironment] due to: Unable to determine Dialect without JDBC metadata (please set 'jakarta.persistence.jdbc.url' for common cases or 'hibernate.dialect' when a custom Dialect implementation must be provided)
	at org.hibernate.service.internal.AbstractServiceRegistryImpl.createService(AbstractServiceRegistryImpl.java:276)
	at org.hibernate.service.internal.AbstractServiceRegistryImpl.initializeService(AbstractServiceRegistryImpl.java:238)
	at org.hibernate.service.internal.AbstractServiceRegistryImpl.getService(AbstractServiceRegistryImpl.java:215)
	at org.hibernate.boot.model.relational.Database.<init>(Database.java:45)
	at org.hibernate.boot.internal.InFlightMetadataCollectorImpl.getDatabase(InFlightMetadataCollectorImpl.java:223)
	at org.hibernate.boot.internal.InFlightMetadataCollectorImpl.<init>(InFlightMetadataCollectorImpl.java:191)
	at org.hibernate.boot.model.process.spi.MetadataBuildingProcess.complete(MetadataBuildingProcess.java:170)
	at org.hibernate.jpa.boot.internal.EntityManagerFactoryBuilderImpl.metadata(EntityManagerFactoryBuilderImpl.java:1432)
	at org.hibernate.jpa.boot.internal.EntityManagerFactoryBuilderImpl.build(EntityManagerFactoryBuilderImpl.java:1503)
	at org.springframework.orm.jpa.vendor.SpringHibernateJpaPersistenceProvider.createContainerEntityManagerFactory(SpringHibernateJpaPersistenceProvider.java:75)
	at org.springframework.orm.jpa.LocalContainerEntityManagerFactoryBean.createNativeEntityManagerFactory(LocalContainerEntityManagerFactoryBean.java:390)
	at org.springframework.orm.jpa.AbstractEntityManagerFactoryBean.buildNativeEntityManagerFactory(AbstractEntityManagerFactoryBean.java:409)
	at org.springframework.orm.jpa.AbstractEntityManagerFactoryBean.afterPropertiesSet(AbstractEntityManagerFactoryBean.java:396)
	at org.springframework.orm.jpa.LocalContainerEntityManagerFactoryBean.afterPropertiesSet(LocalContainerEntityManagerFactoryBean.java:366)
	at org.springframework.beans.factory.support.AbstractAutowireCapableBeanFactory.invokeInitMethods(AbstractAutowireCapableBeanFactory.java:1833)
	at org.springframework.beans.factory.support.AbstractAutowireCapableBeanFactory.initializeBean(AbstractAutowireCapableBeanFactory.java:1782)
	... 16 common frames omitted
Caused by: org.hibernate.HibernateException: Unable to determine Dialect without JDBC metadata (please set 'jakarta.persistence.jdbc.url' for common cases or 'hibernate.dialect' when a custom Dialect implementation must be provided)
	at org.hibernate.engine.jdbc.dialect.internal.DialectFactoryImpl.determineDialect(DialectFactoryImpl.java:191)
	at org.hibernate.engine.jdbc.dialect.internal.DialectFactoryImpl.buildDialect(DialectFactoryImpl.java:87)
	at org.hibernate.engine.jdbc.env.internal.JdbcEnvironmentInitiator.getJdbcEnvironmentWithDefaults(JdbcEnvironmentInitiator.java:143)
	at org.hibernate.engine.jdbc.env.internal.JdbcEnvironmentInitiator.getJdbcEnvironmentUsingJdbcMetadata(JdbcEnvironmentInitiator.java:348)
	at org.hibernate.engine.jdbc.env.internal.JdbcEnvironmentInitiator.initiateService(JdbcEnvironmentInitiator.java:107)
	at org.hibernate.engine.jdbc.env.internal.JdbcEnvironmentInitiator.initiateService(JdbcEnvironmentInitiator.java:68)
	at org.hibernate.boot.registry.internal.StandardServiceRegistryImpl.initiateService(StandardServiceRegistryImpl.java:130)
	at org.hibernate.service.internal.AbstractServiceRegistryImpl.createService(AbstractServiceRegistryImpl.java:263)
	... 31 common frames omitted
1715 [main] INFO  c.e.p.Practise19Application
                ? Starting Practise19Application using Java 19.0.1 with PID 776 (C:\Users\User\IdeaProjects\???????\practise\src\practise_19\build\classes\java\main started by User in C:\Users\User\IdeaProjects\???????)
1720 [main] INFO  c.e.p.Practise19Application
                ? No active profile set, falling back to 1 default profile: "default"
3502 [main] INFO  o.s.d.r.c.RepositoryConfigurationDelegate
                ? Bootstrapping Spring Data JPA repositories in DEFAULT mode.
3595 [main] INFO  o.s.d.r.c.RepositoryConfigurationDelegate
                ? Finished Spring Data repository scanning in 79 ms. Found 2 JPA repository interfaces.
4757 [main] INFO  o.s.b.w.e.tomcat.TomcatWebServer
                ? Tomcat initialized with port 8080 (http)
4779 [main] INFO  o.a.coyote.http11.Http11NioProtocol
                ? Initializing ProtocolHandler ["http-nio-8080"]
4783 [main] INFO  o.a.catalina.core.StandardService
                ? Starting service [Tomcat]
4784 [main] INFO  o.a.catalina.core.StandardEngine
                ? Starting Servlet engine: [Apache Tomcat/10.1.19]
4879 [main] INFO  o.a.c.c.C.[Tomcat].[localhost].[/]
                ? Initializing Spring embedded WebApplicationContext
4879 [main] INFO  o.s.b.w.s.c.ServletWebServerApplicationContext
                ? Root WebApplicationContext: initialization completed in 2942 ms
5254 [main] INFO  o.h.jpa.internal.util.LogHelper
                ? HHH000204: Processing PersistenceUnitInfo [name: default]
5387 [main] INFO  org.hibernate.Version
                ? HHH000412: Hibernate ORM core version 6.4.4.Final
5483 [main] INFO  o.h.c.i.RegionFactoryInitiator
                ? HHH000026: Second-level cache disabled
5879 [main] INFO  o.s.o.j.p.SpringPersistenceUnitInfo
                ? No LoadTimeWeaver setup: ignoring JPA class transformer
5935 [main] INFO  com.zaxxer.hikari.HikariDataSource
                ? HikariPool-1 - Starting...
6479 [main] INFO  com.zaxxer.hikari.pool.HikariPool
                ? HikariPool-1 - Added connection com.mysql.cj.jdbc.ConnectionImpl@75d97e18
6482 [main] INFO  com.zaxxer.hikari.HikariDataSource
                ? HikariPool-1 - Start completed.
7997 [main] INFO  o.h.e.t.j.p.i.JtaPlatformInitiator
                ? HHH000489: No JTA platform available (set 'hibernate.transaction.jta.platform' to enable JTA platform integration)
8172 [main] INFO  o.s.o.j.LocalContainerEntityManagerFactoryBean
                ? Initialized JPA EntityManagerFactory for persistence unit 'default'
8811 [main] WARN  o.s.b.a.o.j.JpaBaseConfiguration$JpaWebConfiguration
                ? spring.jpa.open-in-view is enabled by default. Therefore, database queries may be performed during view rendering. Explicitly configure spring.jpa.open-in-view to disable this warning
9485 [main] INFO  o.a.coyote.http11.Http11NioProtocol
                ? Starting ProtocolHandler ["http-nio-8080"]
9497 [main] WARN  o.s.b.w.s.c.AnnotationConfigServletWebServerApplicationContext
                ? Exception encountered during context initialization - cancelling refresh attempt: org.springframework.context.ApplicationContextException: Failed to start bean 'webServerStartStop'
9498 [main] INFO  o.s.o.j.LocalContainerEntityManagerFactoryBean
                ? Closing JPA EntityManagerFactory for persistence unit 'default'
9507 [main] INFO  com.zaxxer.hikari.HikariDataSource
                ? HikariPool-1 - Shutdown initiated...
9524 [main] INFO  com.zaxxer.hikari.HikariDataSource
                ? HikariPool-1 - Shutdown completed.
9548 [main] INFO  o.s.b.a.l.ConditionEvaluationReportLogger
                ? 

Error starting ApplicationContext. To display the condition evaluation report re-run your application with 'debug' enabled.
9581 [main] ERROR o.s.b.d.LoggingFailureAnalysisReporter
                ? 

***************************
APPLICATION FAILED TO START
***************************

Description:

Web server failed to start. Port 8080 was already in use.

Action:

Identify and stop the process that's listening on port 8080 or configure this application to listen on another port.

2302 [main] INFO  c.e.p.Practise19Application
                ? Starting Practise19Application using Java 19.0.1 with PID 18824 (C:\Users\User\IdeaProjects\???????\practise\src\practise_19\build\classes\java\main started by User in C:\Users\User\IdeaProjects\???????)
2309 [main] INFO  c.e.p.Practise19Application
                ? No active profile set, falling back to 1 default profile: "default"
4688 [main] INFO  o.s.d.r.c.RepositoryConfigurationDelegate
                ? Bootstrapping Spring Data JPA repositories in DEFAULT mode.
4818 [main] INFO  o.s.d.r.c.RepositoryConfigurationDelegate
                ? Finished Spring Data repository scanning in 115 ms. Found 2 JPA repository interfaces.
6613 [main] INFO  o.s.b.w.e.tomcat.TomcatWebServer
                ? Tomcat initialized with port 8080 (http)
6638 [main] INFO  o.a.coyote.http11.Http11NioProtocol
                ? Initializing ProtocolHandler ["http-nio-8080"]
6646 [main] INFO  o.a.catalina.core.StandardService
                ? Starting service [Tomcat]
6647 [main] INFO  o.a.catalina.core.StandardEngine
                ? Starting Servlet engine: [Apache Tomcat/10.1.19]
6767 [main] INFO  o.a.c.c.C.[Tomcat].[localhost].[/]
                ? Initializing Spring embedded WebApplicationContext
6768 [main] INFO  o.s.b.w.s.c.ServletWebServerApplicationContext
                ? Root WebApplicationContext: initialization completed in 4281 ms
7506 [main] INFO  o.h.jpa.internal.util.LogHelper
                ? HHH000204: Processing PersistenceUnitInfo [name: default]
7690 [main] INFO  org.hibernate.Version
                ? HHH000412: Hibernate ORM core version 6.4.4.Final
7773 [main] INFO  o.h.c.i.RegionFactoryInitiator
                ? HHH000026: Second-level cache disabled
8258 [main] INFO  o.s.o.j.p.SpringPersistenceUnitInfo
                ? No LoadTimeWeaver setup: ignoring JPA class transformer
8315 [main] INFO  com.zaxxer.hikari.HikariDataSource
                ? HikariPool-1 - Starting...
8956 [main] INFO  com.zaxxer.hikari.pool.HikariPool
                ? HikariPool-1 - Added connection com.mysql.cj.jdbc.ConnectionImpl@1201e064
8962 [main] INFO  com.zaxxer.hikari.HikariDataSource
                ? HikariPool-1 - Start completed.
10938 [main] INFO  o.h.e.t.j.p.i.JtaPlatformInitiator
                ? HHH000489: No JTA platform available (set 'hibernate.transaction.jta.platform' to enable JTA platform integration)
11101 [main] INFO  o.s.o.j.LocalContainerEntityManagerFactoryBean
                ? Initialized JPA EntityManagerFactory for persistence unit 'default'
11750 [main] WARN  o.s.b.a.o.j.JpaBaseConfiguration$JpaWebConfiguration
                ? spring.jpa.open-in-view is enabled by default. Therefore, database queries may be performed during view rendering. Explicitly configure spring.jpa.open-in-view to disable this warning
12908 [main] INFO  o.a.coyote.http11.Http11NioProtocol
                ? Starting ProtocolHandler ["http-nio-8080"]
12995 [main] INFO  o.s.b.w.e.tomcat.TomcatWebServer
                ? Tomcat started on port 8080 (http) with context path ''
13017 [main] INFO  c.e.p.Practise19Application
                ? Started Practise19Application in 12.178 seconds (process running for 13.343)
56379 [http-nio-8080-exec-1] INFO  o.a.c.c.C.[Tomcat].[localhost].[/]
                ? Initializing Spring DispatcherServlet 'dispatcherServlet'
56381 [http-nio-8080-exec-1] INFO  o.s.web.servlet.DispatcherServlet
                ? Initializing Servlet 'dispatcherServlet'
56382 [http-nio-8080-exec-1] INFO  o.s.web.servlet.DispatcherServlet
                ? Completed initialization in 1 ms
56884 [http-nio-8080-exec-1] INFO  c.e.practise_19.Service.PostService
                ?? ???????? ???? ???????
148002 [http-nio-8080-exec-5] INFO  c.e.practise_19.Service.PostService
                – Получение всех посылок
